<?xml version="1.0" encoding="UTF-8"?>
<!-- Generated by org.testng.reporters.JUnitReportReporter -->
<testsuite hostname="mufti-awl18" failures="0" tests="1" name="practical.project.tests.OrderTestPP" time="17.174" errors="0" timestamp="2023-08-13T13:46:03 BDT" skipped="0">
  <testcase classname="practical.project.tests.OrderTestPP" name="OrderTest" time="17.174"/>
</testsuite> <!-- practical.project.tests.OrderTestPP -->
